<?xml version="1.0" encoding="UTF-8"?>
<testng-results ignored="0" total="1" passed="1" failed="0" skipped="0">
  <reporter-output>
  </reporter-output>
  <suite started-at="2023-10-17T20:00:11 IST" name="Default suite" finished-at="2023-10-17T20:00:37 IST" duration-ms="26081">
    <groups>
    </groups>
    <test started-at="2023-10-17T20:00:11 IST" name="Default test" finished-at="2023-10-17T20:00:37 IST" duration-ms="26081">
      <class name="Essentialplan">
        <test-method is-config="true" signature="browerstart()[pri:0, instance:Essentialplan@7e5afaa6]" started-at="2023-10-17T20:00:11 IST" name="browerstart" finished-at="2023-10-17T20:00:15 IST" duration-ms="3565" status="PASS">
          <reporter-output>
          </reporter-output>
        </test-method> <!-- browerstart -->
        <test-method signature="WebSiteUrl()[pri:1, instance:Essentialplan@7e5afaa6]" started-at="2023-10-17T20:00:15 IST" name="WebSiteUrl" finished-at="2023-10-17T20:00:37 IST" duration-ms="22465" status="PASS">
          <reporter-output>
          </reporter-output>
        </test-method> <!-- WebSiteUrl -->
      </class> <!-- Essentialplan -->
    </test> <!-- Default test -->
  </suite> <!-- Default suite -->
</testng-results>
